<?xml version="1.0" encoding="UTF-8"?>
<testng-results ignored="0" total="10" passed="7" failed="3" skipped="0">
  <reporter-output>
  </reporter-output>
  <suite started-at="2026-03-16T17:52:19 IST" name="Default suite" finished-at="2026-03-16T17:53:37 IST" duration-ms="78351">
    <groups>
    </groups>
    <test started-at="2026-03-16T17:52:19 IST" name="Default test" finished-at="2026-03-16T17:53:37 IST" duration-ms="78351">
      <class name="Testcase.CaneMaturityTest">
        <test-method is-config="true" signature="setupReport()[pri:0, instance:Testcase.CaneMaturityTest@6e509ffa]" started-at="2026-03-16T17:52:18 IST" name="setupReport" finished-at="2026-03-16T17:52:19 IST" duration-ms="472" status="PASS">
          <reporter-output>
          </reporter-output>
        </test-method> <!-- setupReport -->
        <test-method is-config="true" signature="setup()[pri:0, instance:Testcase.CaneMaturityTest@6e509ffa]" started-at="2026-03-16T17:52:19 IST" name="setup" finished-at="2026-03-16T17:52:23 IST" duration-ms="4456" status="PASS">
          <reporter-output>
          </reporter-output>
        </test-method> <!-- setup -->
        <test-method signature="NavigatePage()[pri:1, instance:Testcase.CaneMaturityTest@6e509ffa]" started-at="2026-03-16T17:52:23 IST" name="NavigatePage" finished-at="2026-03-16T17:52:26 IST" duration-ms="3417" status="PASS">
          <reporter-output>
          </reporter-output>
        </test-method> <!-- NavigatePage -->
        <test-method is-config="true" signature="tearDown()[pri:0, instance:Testcase.CaneMaturityTest@6e509ffa]" started-at="2026-03-16T17:52:26 IST" name="tearDown" finished-at="2026-03-16T17:52:27 IST" duration-ms="378" status="PASS">
          <reporter-output>
          </reporter-output>
        </test-method> <!-- tearDown -->
        <test-method is-config="true" signature="setup()[pri:0, instance:Testcase.CaneMaturityTest@6e509ffa]" started-at="2026-03-16T17:52:27 IST" name="setup" finished-at="2026-03-16T17:52:30 IST" duration-ms="3148" status="PASS">
          <reporter-output>
          </reporter-output>
        </test-method> <!-- setup -->
        <test-method signature="verifyPageTitle()[pri:2, instance:Testcase.CaneMaturityTest@6e509ffa]" started-at="2026-03-16T17:52:30 IST" name="verifyPageTitle" finished-at="2026-03-16T17:52:33 IST" duration-ms="3297" status="FAIL">
          <exception class="java.lang.AssertionError">
            <message>
              <![CDATA[Page Title Not Display Correct expected [Cane Maturity Period | CMSERP] but found [Cane Maturity Period]]]>
            </message>
            <full-stacktrace>
              <![CDATA[java.lang.AssertionError: Page Title Not Display Correct expected [Cane Maturity Period | CMSERP] but found [Cane Maturity Period]
at org.testng.Assert.fail(Assert.java:111)
at org.testng.Assert.failNotEquals(Assert.java:1590)
at org.testng.Assert.assertEqualsImpl(Assert.java:150)
at org.testng.Assert.assertEquals(Assert.java:132)
at org.testng.Assert.assertEquals(Assert.java:656)
at Testcase.CaneMaturityTest.verifyPageTitle(CaneMaturityTest.java:84)
at java.base/jdk.internal.reflect.DirectMethodHandleAccessor.invoke(DirectMethodHandleAccessor.java:103)
at java.base/java.lang.reflect.Method.invoke(Method.java:580)
at org.testng.internal.invokers.MethodInvocationHelper.invokeMethod(MethodInvocationHelper.java:141)
at org.testng.internal.invokers.TestInvoker.invokeMethod(TestInvoker.java:687)
at org.testng.internal.invokers.TestInvoker.invokeTestMethod(TestInvoker.java:230)
at org.testng.internal.invokers.MethodRunner.runInSequence(MethodRunner.java:63)
at org.testng.internal.invokers.TestInvoker$MethodInvocationAgent.invoke(TestInvoker.java:995)
at org.testng.internal.invokers.TestInvoker.invokeTestMethods(TestInvoker.java:203)
at org.testng.internal.invokers.TestMethodWorker.invokeTestMethods(TestMethodWorker.java:154)
at org.testng.internal.invokers.TestMethodWorker.run(TestMethodWorker.java:134)
at java.base/java.util.ArrayList.forEach(ArrayList.java:1597)
at org.testng.TestRunner.privateRun(TestRunner.java:741)
at org.testng.TestRunner.run(TestRunner.java:616)
at org.testng.SuiteRunner.runTest(SuiteRunner.java:421)
at org.testng.SuiteRunner.runSequentially(SuiteRunner.java:413)
at org.testng.SuiteRunner.privateRun(SuiteRunner.java:373)
at org.testng.SuiteRunner.run(SuiteRunner.java:312)
at org.testng.SuiteRunnerWorker.runSuite(SuiteRunnerWorker.java:52)
at org.testng.SuiteRunnerWorker.run(SuiteRunnerWorker.java:95)
at org.testng.TestNG.runSuitesSequentially(TestNG.java:1274)
at org.testng.TestNG.runSuitesLocally(TestNG.java:1208)
at org.testng.TestNG.runSuites(TestNG.java:1112)
at org.testng.TestNG.run(TestNG.java:1079)
at org.testng.remote.AbstractRemoteTestNG.run(AbstractRemoteTestNG.java:115)
at org.testng.remote.RemoteTestNG.initAndRun(RemoteTestNG.java:293)
at org.testng.remote.RemoteTestNG.main(RemoteTestNG.java:91)
]]>
            </full-stacktrace>
          </exception> <!-- java.lang.AssertionError -->
          <reporter-output>
          </reporter-output>
        </test-method> <!-- verifyPageTitle -->
        <test-method is-config="true" signature="tearDown()[pri:0, instance:Testcase.CaneMaturityTest@6e509ffa]" started-at="2026-03-16T17:52:33 IST" name="tearDown" finished-at="2026-03-16T17:52:34 IST" duration-ms="303" status="PASS">
          <reporter-output>
          </reporter-output>
        </test-method> <!-- tearDown -->
        <test-method is-config="true" signature="setup()[pri:0, instance:Testcase.CaneMaturityTest@6e509ffa]" started-at="2026-03-16T17:52:34 IST" name="setup" finished-at="2026-03-16T17:52:37 IST" duration-ms="3102" status="PASS">
          <reporter-output>
          </reporter-output>
        </test-method> <!-- setup -->
        <test-method signature="verifyPageHeaderName()[pri:3, instance:Testcase.CaneMaturityTest@6e509ffa]" started-at="2026-03-16T17:52:37 IST" name="verifyPageHeaderName" finished-at="2026-03-16T17:52:40 IST" duration-ms="3666" status="PASS">
          <reporter-output>
          </reporter-output>
        </test-method> <!-- verifyPageHeaderName -->
        <test-method is-config="true" signature="tearDown()[pri:0, instance:Testcase.CaneMaturityTest@6e509ffa]" started-at="2026-03-16T17:52:40 IST" name="tearDown" finished-at="2026-03-16T17:52:41 IST" duration-ms="294" status="PASS">
          <reporter-output>
          </reporter-output>
        </test-method> <!-- tearDown -->
        <test-method is-config="true" signature="setup()[pri:0, instance:Testcase.CaneMaturityTest@6e509ffa]" started-at="2026-03-16T17:52:41 IST" name="setup" finished-at="2026-03-16T17:52:44 IST" duration-ms="3187" status="PASS">
          <reporter-output>
          </reporter-output>
        </test-method> <!-- setup -->
        <test-method signature="verifyTonnageFieldValidation()[pri:4, instance:Testcase.CaneMaturityTest@6e509ffa]" started-at="2026-03-16T17:52:44 IST" name="verifyTonnageFieldValidation" finished-at="2026-03-16T17:52:49 IST" duration-ms="4865" status="FAIL">
          <exception class="java.lang.AssertionError">
            <message>
              <![CDATA[Validator message displayed even for valid value expected [true] but found [false]]]>
            </message>
            <full-stacktrace>
              <![CDATA[java.lang.AssertionError: Validator message displayed even for valid value expected [true] but found [false]
at org.testng.Assert.fail(Assert.java:111)
at org.testng.Assert.failNotEquals(Assert.java:1590)
at org.testng.Assert.assertTrue(Assert.java:57)
at Testcase.CaneMaturityTest.verifyTonnageFieldValidation(CaneMaturityTest.java:105)
at java.base/jdk.internal.reflect.DirectMethodHandleAccessor.invoke(DirectMethodHandleAccessor.java:103)
at java.base/java.lang.reflect.Method.invoke(Method.java:580)
at org.testng.internal.invokers.MethodInvocationHelper.invokeMethod(MethodInvocationHelper.java:141)
at org.testng.internal.invokers.TestInvoker.invokeMethod(TestInvoker.java:687)
at org.testng.internal.invokers.TestInvoker.invokeTestMethod(TestInvoker.java:230)
at org.testng.internal.invokers.MethodRunner.runInSequence(MethodRunner.java:63)
at org.testng.internal.invokers.TestInvoker$MethodInvocationAgent.invoke(TestInvoker.java:995)
at org.testng.internal.invokers.TestInvoker.invokeTestMethods(TestInvoker.java:203)
at org.testng.internal.invokers.TestMethodWorker.invokeTestMethods(TestMethodWorker.java:154)
at org.testng.internal.invokers.TestMethodWorker.run(TestMethodWorker.java:134)
at java.base/java.util.ArrayList.forEach(ArrayList.java:1597)
at org.testng.TestRunner.privateRun(TestRunner.java:741)
at org.testng.TestRunner.run(TestRunner.java:616)
at org.testng.SuiteRunner.runTest(SuiteRunner.java:421)
at org.testng.SuiteRunner.runSequentially(SuiteRunner.java:413)
at org.testng.SuiteRunner.privateRun(SuiteRunner.java:373)
at org.testng.SuiteRunner.run(SuiteRunner.java:312)
at org.testng.SuiteRunnerWorker.runSuite(SuiteRunnerWorker.java:52)
at org.testng.SuiteRunnerWorker.run(SuiteRunnerWorker.java:95)
at org.testng.TestNG.runSuitesSequentially(TestNG.java:1274)
at org.testng.TestNG.runSuitesLocally(TestNG.java:1208)
at org.testng.TestNG.runSuites(TestNG.java:1112)
at org.testng.TestNG.run(TestNG.java:1079)
at org.testng.remote.AbstractRemoteTestNG.run(AbstractRemoteTestNG.java:115)
at org.testng.remote.RemoteTestNG.initAndRun(RemoteTestNG.java:293)
at org.testng.remote.RemoteTestNG.main(RemoteTestNG.java:91)
]]>
            </full-stacktrace>
          </exception> <!-- java.lang.AssertionError -->
          <reporter-output>
          </reporter-output>
        </test-method> <!-- verifyTonnageFieldValidation -->
        <test-method is-config="true" signature="tearDown()[pri:0, instance:Testcase.CaneMaturityTest@6e509ffa]" started-at="2026-03-16T17:52:49 IST" name="tearDown" finished-at="2026-03-16T17:52:49 IST" duration-ms="278" status="PASS">
          <reporter-output>
          </reporter-output>
        </test-method> <!-- tearDown -->
        <test-method is-config="true" signature="setup()[pri:0, instance:Testcase.CaneMaturityTest@6e509ffa]" started-at="2026-03-16T17:52:49 IST" name="setup" finished-at="2026-03-16T17:52:52 IST" duration-ms="2995" status="PASS">
          <reporter-output>
          </reporter-output>
        </test-method> <!-- setup -->
        <test-method signature="verifyRecoverBasevalidation()[pri:5, instance:Testcase.CaneMaturityTest@6e509ffa]" started-at="2026-03-16T17:52:52 IST" name="verifyRecoverBasevalidation" finished-at="2026-03-16T17:52:56 IST" duration-ms="4437" status="FAIL">
          <exception class="java.lang.AssertionError">
            <message>
              <![CDATA[Validator message displayed even for valid value expected [true] but found [false]]]>
            </message>
            <full-stacktrace>
              <![CDATA[java.lang.AssertionError: Validator message displayed even for valid value expected [true] but found [false]
at org.testng.Assert.fail(Assert.java:111)
at org.testng.Assert.failNotEquals(Assert.java:1590)
at org.testng.Assert.assertTrue(Assert.java:57)
at Testcase.CaneMaturityTest.verifyRecoverBasevalidation(CaneMaturityTest.java:131)
at java.base/jdk.internal.reflect.DirectMethodHandleAccessor.invoke(DirectMethodHandleAccessor.java:103)
at java.base/java.lang.reflect.Method.invoke(Method.java:580)
at org.testng.internal.invokers.MethodInvocationHelper.invokeMethod(MethodInvocationHelper.java:141)
at org.testng.internal.invokers.TestInvoker.invokeMethod(TestInvoker.java:687)
at org.testng.internal.invokers.TestInvoker.invokeTestMethod(TestInvoker.java:230)
at org.testng.internal.invokers.MethodRunner.runInSequence(MethodRunner.java:63)
at org.testng.internal.invokers.TestInvoker$MethodInvocationAgent.invoke(TestInvoker.java:995)
at org.testng.internal.invokers.TestInvoker.invokeTestMethods(TestInvoker.java:203)
at org.testng.internal.invokers.TestMethodWorker.invokeTestMethods(TestMethodWorker.java:154)
at org.testng.internal.invokers.TestMethodWorker.run(TestMethodWorker.java:134)
at java.base/java.util.ArrayList.forEach(ArrayList.java:1597)
at org.testng.TestRunner.privateRun(TestRunner.java:741)
at org.testng.TestRunner.run(TestRunner.java:616)
at org.testng.SuiteRunner.runTest(SuiteRunner.java:421)
at org.testng.SuiteRunner.runSequentially(SuiteRunner.java:413)
at org.testng.SuiteRunner.privateRun(SuiteRunner.java:373)
at org.testng.SuiteRunner.run(SuiteRunner.java:312)
at org.testng.SuiteRunnerWorker.runSuite(SuiteRunnerWorker.java:52)
at org.testng.SuiteRunnerWorker.run(SuiteRunnerWorker.java:95)
at org.testng.TestNG.runSuitesSequentially(TestNG.java:1274)
at org.testng.TestNG.runSuitesLocally(TestNG.java:1208)
at org.testng.TestNG.runSuites(TestNG.java:1112)
at org.testng.TestNG.run(TestNG.java:1079)
at org.testng.remote.AbstractRemoteTestNG.run(AbstractRemoteTestNG.java:115)
at org.testng.remote.RemoteTestNG.initAndRun(RemoteTestNG.java:293)
at org.testng.remote.RemoteTestNG.main(RemoteTestNG.java:91)
]]>
            </full-stacktrace>
          </exception> <!-- java.lang.AssertionError -->
          <reporter-output>
          </reporter-output>
        </test-method> <!-- verifyRecoverBasevalidation -->
        <test-method is-config="true" signature="tearDown()[pri:0, instance:Testcase.CaneMaturityTest@6e509ffa]" started-at="2026-03-16T17:52:56 IST" name="tearDown" finished-at="2026-03-16T17:52:57 IST" duration-ms="287" status="PASS">
          <reporter-output>
          </reporter-output>
        </test-method> <!-- tearDown -->
        <test-method is-config="true" signature="setup()[pri:0, instance:Testcase.CaneMaturityTest@6e509ffa]" started-at="2026-03-16T17:52:57 IST" name="setup" finished-at="2026-03-16T17:53:00 IST" duration-ms="3233" status="PASS">
          <reporter-output>
          </reporter-output>
        </test-method> <!-- setup -->
        <test-method signature="verifyValidatorMSG()[pri:6, instance:Testcase.CaneMaturityTest@6e509ffa]" started-at="2026-03-16T17:53:00 IST" name="verifyValidatorMSG" finished-at="2026-03-16T17:53:05 IST" duration-ms="4538" status="PASS">
          <reporter-output>
          </reporter-output>
        </test-method> <!-- verifyValidatorMSG -->
        <test-method is-config="true" signature="tearDown()[pri:0, instance:Testcase.CaneMaturityTest@6e509ffa]" started-at="2026-03-16T17:53:05 IST" name="tearDown" finished-at="2026-03-16T17:53:05 IST" duration-ms="271" status="PASS">
          <reporter-output>
          </reporter-output>
        </test-method> <!-- tearDown -->
        <test-method is-config="true" signature="setup()[pri:0, instance:Testcase.CaneMaturityTest@6e509ffa]" started-at="2026-03-16T17:53:05 IST" name="setup" finished-at="2026-03-16T17:53:08 IST" duration-ms="3119" status="PASS">
          <reporter-output>
          </reporter-output>
        </test-method> <!-- setup -->
        <test-method signature="verifyCreateNewCaneMaturity()[pri:7, instance:Testcase.CaneMaturityTest@6e509ffa]" started-at="2026-03-16T17:53:08 IST" name="verifyCreateNewCaneMaturity" finished-at="2026-03-16T17:53:14 IST" duration-ms="6352" status="PASS">
          <reporter-output>
          </reporter-output>
        </test-method> <!-- verifyCreateNewCaneMaturity -->
        <test-method is-config="true" signature="tearDown()[pri:0, instance:Testcase.CaneMaturityTest@6e509ffa]" started-at="2026-03-16T17:53:14 IST" name="tearDown" finished-at="2026-03-16T17:53:15 IST" duration-ms="374" status="PASS">
          <reporter-output>
          </reporter-output>
        </test-method> <!-- tearDown -->
        <test-method is-config="true" signature="setup()[pri:0, instance:Testcase.CaneMaturityTest@6e509ffa]" started-at="2026-03-16T17:53:15 IST" name="setup" finished-at="2026-03-16T17:53:18 IST" duration-ms="3036" status="PASS">
          <reporter-output>
          </reporter-output>
        </test-method> <!-- setup -->
        <test-method signature="verifyBlockFunctionality()[pri:8, instance:Testcase.CaneMaturityTest@6e509ffa]" started-at="2026-03-16T17:53:18 IST" name="verifyBlockFunctionality" finished-at="2026-03-16T17:53:22 IST" duration-ms="3853" status="PASS">
          <reporter-output>
          </reporter-output>
        </test-method> <!-- verifyBlockFunctionality -->
        <test-method is-config="true" signature="tearDown()[pri:0, instance:Testcase.CaneMaturityTest@6e509ffa]" started-at="2026-03-16T17:53:22 IST" name="tearDown" finished-at="2026-03-16T17:53:22 IST" duration-ms="351" status="PASS">
          <reporter-output>
          </reporter-output>
        </test-method> <!-- tearDown -->
        <test-method is-config="true" signature="setup()[pri:0, instance:Testcase.CaneMaturityTest@6e509ffa]" started-at="2026-03-16T17:53:22 IST" name="setup" finished-at="2026-03-16T17:53:25 IST" duration-ms="2952" status="PASS">
          <reporter-output>
          </reporter-output>
        </test-method> <!-- setup -->
        <test-method signature="verifyGridSearchFunctionality()[pri:8, instance:Testcase.CaneMaturityTest@6e509ffa]" started-at="2026-03-16T17:53:25 IST" name="verifyGridSearchFunctionality" finished-at="2026-03-16T17:53:29 IST" duration-ms="3745" status="PASS">
          <reporter-output>
          </reporter-output>
        </test-method> <!-- verifyGridSearchFunctionality -->
        <test-method is-config="true" signature="tearDown()[pri:0, instance:Testcase.CaneMaturityTest@6e509ffa]" started-at="2026-03-16T17:53:29 IST" name="tearDown" finished-at="2026-03-16T17:53:29 IST" duration-ms="296" status="PASS">
          <reporter-output>
          </reporter-output>
        </test-method> <!-- tearDown -->
        <test-method is-config="true" signature="setup()[pri:0, instance:Testcase.CaneMaturityTest@6e509ffa]" started-at="2026-03-16T17:53:29 IST" name="setup" finished-at="2026-03-16T17:53:32 IST" duration-ms="3154" status="PASS">
          <reporter-output>
          </reporter-output>
        </test-method> <!-- setup -->
        <test-method signature="verifyUnblockFunctionality()[pri:9, instance:Testcase.CaneMaturityTest@6e509ffa]" started-at="2026-03-16T17:53:32 IST" name="verifyUnblockFunctionality" finished-at="2026-03-16T17:53:37 IST" duration-ms="4547" status="PASS">
          <reporter-output>
          </reporter-output>
        </test-method> <!-- verifyUnblockFunctionality -->
        <test-method is-config="true" signature="tearDown()[pri:0, instance:Testcase.CaneMaturityTest@6e509ffa]" started-at="2026-03-16T17:53:37 IST" name="tearDown" finished-at="2026-03-16T17:53:37 IST" duration-ms="298" status="PASS">
          <reporter-output>
          </reporter-output>
        </test-method> <!-- tearDown -->
        <test-method is-config="true" signature="tearDownReport()[pri:0, instance:Testcase.CaneMaturityTest@6e509ffa]" started-at="2026-03-16T17:53:37 IST" name="tearDownReport" finished-at="2026-03-16T17:53:38 IST" duration-ms="1334" status="PASS">
          <reporter-output>
          </reporter-output>
        </test-method> <!-- tearDownReport -->
      </class> <!-- Testcase.CaneMaturityTest -->
    </test> <!-- Default test -->
  </suite> <!-- Default suite -->
</testng-results>
